<?xml version="1.0" encoding="UTF-8"?>
<!-- Generated by org.testng.reporters.JUnitXMLReporter -->
<testsuite ignored="0" hostname="DESKTOP-2NSIB7R" failures="0" tests="4" name="Test" time="37.559" errors="0" timestamp="2022-12-23T13:39:47 IST">
  <testcase classname="TestNg.TestCase1" name="tc1" time="3.963"/>
  <testcase classname="TestNg.TestCase2" name="tc2" time="1.522"/>
  <testcase classname="TestNg.TestCase3" name="tc3" time="2.669"/>
  <testcase classname="TestNg.TestCase4" name="tc4" time="5.461"/>
</testsuite> <!-- Test -->
