<?xml version="1.0" encoding="UTF-8"?>
<!-- Generated by org.testng.reporters.JUnitReportReporter -->
<testsuite hostname="DESKTOP-2NSIB7R" failures="0" tests="1" name="TestNg.TestCase4" time="11.657" errors="0" timestamp="2022-12-23T13:39:48 IST" skipped="0">
  <testcase classname="TestNg.TestCase4" name="tc4" time="11.657"/>
  <system-out>
    <![CDATA[Facebook – log in or sign up
https://www.facebook.com/login/?privacy_mutation_token=eyJ0eXBlIjowLCJjcmVhdGlvbl90aW1lIjoxNjcxNzgyOTgwLCJjYWxsc2l0ZV9pZCI6MzgxMjI5MDc5NTc1OTQ2fQ%3D%3D]]>
  </system-out>
</testsuite> <!-- TestNg.TestCase4 -->
